c:\users\maxim\source\repos\ooplabs\workflowexecutor\executor\debug\executor.pdb
c:\users\maxim\source\repos\ooplabs\workflowexecutor\executor\debug\executor.idb
c:\users\maxim\source\repos\ooplabs\workflowexecutor\executor\debug\taskwritefile.obj
c:\users\maxim\source\repos\ooplabs\workflowexecutor\executor\debug\tasksort.obj
c:\users\maxim\source\repos\ooplabs\workflowexecutor\executor\debug\taskreplace.obj
c:\users\maxim\source\repos\ooplabs\workflowexecutor\executor\debug\taskreadfile.obj
c:\users\maxim\source\repos\ooplabs\workflowexecutor\executor\debug\nodereader.obj
c:\users\maxim\source\repos\ooplabs\workflowexecutor\executor\debug\taskgrep.obj
c:\users\maxim\source\repos\ooplabs\workflowexecutor\executor\debug\taskdump.obj
c:\users\maxim\source\repos\ooplabs\workflowexecutor\executor\debug\fileparser.obj
c:\users\maxim\source\repos\ooplabs\workflowexecutor\executor\debug\executor.obj
c:\users\maxim\source\repos\ooplabs\workflowexecutor\executor\debug\blockreader.obj
c:\users\maxim\source\repos\ooplabs\workflowexecutor\debug\executor.lib
c:\users\maxim\source\repos\ooplabs\workflowexecutor\debug\executor.pdb
c:\users\maxim\source\repos\ooplabs\workflowexecutor\executor\debug\executor.tlog\cl.command.1.tlog
c:\users\maxim\source\repos\ooplabs\workflowexecutor\executor\debug\executor.tlog\cl.read.1.tlog
c:\users\maxim\source\repos\ooplabs\workflowexecutor\executor\debug\executor.tlog\cl.write.1.tlog
c:\users\maxim\source\repos\ooplabs\workflowexecutor\executor\debug\executor.tlog\lib-link.read.1.tlog
c:\users\maxim\source\repos\ooplabs\workflowexecutor\executor\debug\executor.tlog\lib-link.write.1.tlog
c:\users\maxim\source\repos\ooplabs\workflowexecutor\executor\debug\executor.tlog\lib.command.1.tlog
